ERROR 2025-05-19 15:22:16,830 log Internal Server Error: /transacoes-mes/
Traceback (most recent call last):
  File "/home/suporte/dev/minhacarteira/venv/lib/python3.10/site-packages/django/core/handlers/exception.py", line 55, in inner
    response = get_response(request)
  File "/home/suporte/dev/minhacarteira/venv/lib/python3.10/site-packages/django/core/handlers/base.py", line 197, in _get_response
    response = wrapped_callback(request, *callback_args, **callback_kwargs)
  File "/home/suporte/dev/minhacarteira/venv/lib/python3.10/site-packages/django/contrib/auth/decorators.py", line 59, in _view_wrapper
    return view_func(request, *args, **kwargs)
  File "/home/suporte/dev/minhacarteira/cal/views/views_transacao.py", line 172, in transacoes_mes_view
    total = sum([
TypeError: unsupported operand type(s) for +: 'int' and 'str'
ERROR 2025-05-19 15:22:16,877 basehttp "GET /transacoes-mes/ HTTP/1.1" 500 88621
WARNING 2025-05-19 15:22:16,971 log Not Found: /favicon.ico
ERROR 2025-05-19 16:47:01,257 log Internal Server Error: /transacoes-mes/
Traceback (most recent call last):
  File "/home/suporte/dev/minhacarteira/venv/lib/python3.10/site-packages/django/core/handlers/exception.py", line 55, in inner
    response = get_response(request)
  File "/home/suporte/dev/minhacarteira/venv/lib/python3.10/site-packages/django/core/handlers/base.py", line 197, in _get_response
    response = wrapped_callback(request, *callback_args, **callback_kwargs)
  File "/home/suporte/dev/minhacarteira/venv/lib/python3.10/site-packages/django/contrib/auth/decorators.py", line 59, in _view_wrapper
    return view_func(request, *args, **kwargs)
  File "/home/suporte/dev/minhacarteira/cal/views/views_transacao.py", line 191, in transacoes_mes_view
    dados_por_tipo[t.tipo.descricao] += valor  # Agora soma Decimal com Decimal
TypeError: unsupported operand type(s) for +=: 'decimal.Decimal' and 'NoneType'
ERROR 2025-05-19 16:47:01,298 basehttp "GET /transacoes-mes/ HTTP/1.1" 500 89740
